<?xml version="1.0" encoding="UTF-8"?>
<coverage generated="1761647773663" clover="3.2.0">
  <project timestamp="1761647773663" name="All files">
    <metrics statements="101" coveredstatements="74" conditionals="39" coveredconditionals="21" methods="17" coveredmethods="14" elements="157" coveredelements="109" complexity="0" loc="101" ncloc="101" packages="1" files="1" classes="1"/>
    <file name="game.js" path="C:\Users\User\Desktop\wk-5-KENEDY005-1\game.js">
      <metrics statements="101" coveredstatements="74" conditionals="39" coveredconditionals="21" methods="17" coveredmethods="14"/>
      <line num="4" count="1" type="stmt"/>
      <line num="21" count="1" type="stmt"/>
      <line num="23" count="1" type="stmt"/>
      <line num="25" count="1" type="stmt"/>
      <line num="27" count="1" type="stmt"/>
      <line num="29" count="1" type="stmt"/>
      <line num="31" count="1" type="stmt"/>
      <line num="37" count="2" type="stmt"/>
      <line num="39" count="2" type="stmt"/>
      <line num="41" count="13" type="stmt"/>
      <line num="43" count="13" type="stmt"/>
      <line num="46" count="2" type="stmt"/>
      <line num="51" count="2" type="stmt"/>
      <line num="53" count="2" type="stmt"/>
      <line num="55" count="2" type="cond" truecount="2" falsecount="0"/>
      <line num="56" count="2" type="cond" truecount="2" falsecount="0"/>
      <line num="58" count="1" type="cond" truecount="0" falsecount="2"/>
      <line num="65" count="6" type="stmt"/>
      <line num="70" count="2" type="stmt"/>
      <line num="73" count="2" type="cond" truecount="1" falsecount="1"/>
      <line num="75" count="2" type="stmt"/>
      <line num="82" count="5" type="stmt"/>
      <line num="84" count="5" type="stmt"/>
      <line num="86" count="5" type="cond" truecount="1" falsecount="1"/>
      <line num="91" count="5" type="stmt"/>
      <line num="95" count="4" type="stmt"/>
      <line num="97" count="4" type="cond" truecount="3" falsecount="1"/>
      <line num="98" count="0" type="stmt"/>
      <line num="100" count="0" type="stmt"/>
      <line num="102" count="9" type="cond" truecount="5" falsecount="1"/>
      <line num="108" count="4" type="stmt"/>
      <line num="110" count="4" type="stmt"/>
      <line num="112" count="8" type="stmt"/>
      <line num="114" count="4" type="stmt"/>
      <line num="116" count="4" type="stmt"/>
      <line num="118" count="4" type="stmt"/>
      <line num="125" count="1" type="stmt"/>
      <line num="127" count="1" type="stmt"/>
      <line num="129" count="1" type="stmt"/>
      <line num="131" count="1" type="stmt"/>
      <line num="133" count="1" type="stmt"/>
      <line num="135" count="1" type="stmt"/>
      <line num="137" count="1" type="stmt"/>
      <line num="139" count="1" type="stmt"/>
      <line num="141" count="1" type="stmt"/>
      <line num="143" count="1" type="cond" truecount="2" falsecount="0"/>
      <line num="145" count="1" type="stmt"/>
      <line num="147" count="1" type="stmt"/>
      <line num="150" count="1" type="stmt"/>
      <line num="152" count="1" type="stmt"/>
      <line num="154" count="1" type="stmt"/>
      <line num="158" count="1" type="stmt"/>
      <line num="160" count="1" type="cond" truecount="1" falsecount="1"/>
      <line num="161" count="1" type="stmt"/>
      <line num="162" count="1" type="stmt"/>
      <line num="164" count="0" type="cond" truecount="0" falsecount="2"/>
      <line num="165" count="0" type="cond" truecount="0" falsecount="2"/>
      <line num="166" count="0" type="stmt"/>
      <line num="167" count="0" type="stmt"/>
      <line num="169" count="0" type="cond" truecount="0" falsecount="2"/>
      <line num="171" count="0" type="stmt"/>
      <line num="173" count="0" type="stmt"/>
      <line num="176" count="0" type="stmt"/>
      <line num="179" count="0" type="stmt"/>
      <line num="180" count="0" type="stmt"/>
      <line num="181" count="0" type="stmt"/>
      <line num="183" count="0" type="stmt"/>
      <line num="185" count="0" type="stmt"/>
      <line num="186" count="0" type="stmt"/>
      <line num="187" count="0" type="stmt"/>
      <line num="189" count="0" type="stmt"/>
      <line num="190" count="0" type="stmt"/>
      <line num="196" count="1" type="cond" truecount="1" falsecount="1"/>
      <line num="198" count="1" type="stmt"/>
      <line num="200" count="1" type="stmt"/>
      <line num="201" count="1" type="stmt"/>
      <line num="203" count="1" type="stmt"/>
      <line num="204" count="1" type="stmt"/>
      <line num="206" count="0" type="stmt"/>
      <line num="211" count="1" type="stmt"/>
      <line num="212" count="1" type="stmt"/>
      <line num="213" count="1" type="stmt"/>
      <line num="215" count="1" type="stmt"/>
      <line num="216" count="1" type="stmt"/>
      <line num="217" count="1" type="stmt"/>
      <line num="218" count="1" type="stmt"/>
      <line num="219" count="1" type="stmt"/>
      <line num="220" count="1" type="stmt"/>
      <line num="221" count="1" type="stmt"/>
      <line num="222" count="1" type="stmt"/>
      <line num="228" count="1" type="cond" truecount="1" falsecount="1"/>
      <line num="229" count="1" type="stmt"/>
      <line num="230" count="0" type="stmt"/>
      <line num="231" count="0" type="stmt"/>
      <line num="232" count="0" type="stmt"/>
      <line num="233" count="0" type="stmt"/>
      <line num="234" count="0" type="cond" truecount="0" falsecount="2"/>
      <line num="237" count="0" type="stmt"/>
      <line num="238" count="0" type="stmt"/>
      <line num="243" count="1" type="cond" truecount="1" falsecount="1"/>
      <line num="244" count="1" type="stmt"/>
    </file>
  </project>
</coverage>
