{"C:\\Users\\User\\Desktop\\wk-5-KENEDY005-1\\game.js": {"path":"C:\\Users\\User\\Desktop\\wk-5-KENEDY005-1\\game.js","statementMap":{"0":{"start":{"line":4,"column":17},"end":{"line":17,"column":1}},"1":{"start":{"line":21,"column":18},"end":{"line":21,"column":20}},"2":{"start":{"line":23,"column":20},"end":{"line":23,"column":22}},"3":{"start":{"line":25,"column":18},"end":{"line":25,"column":20}},"4":{"start":{"line":27,"column":12},"end":{"line":27,"column":13}},"5":{"start":{"line":29,"column":20},"end":{"line":29,"column":21}},"6":{"start":{"line":31,"column":15},"end":{"line":31,"column":20}},"7":{"start":{"line":37,"column":18},"end":{"line":37,"column":32}},"8":{"start":{"line":39,"column":2},"end":{"line":44,"column":3}},"9":{"start":{"line":39,"column":12},"end":{"line":39,"column":28}},"10":{"start":{"line":41,"column":14},"end":{"line":41,"column":45}},"11":{"start":{"line":43,"column":4},"end":{"line":43,"column":56}},"12":{"start":{"line":46,"column":2},"end":{"line":46,"column":26}},"13":{"start":{"line":51,"column":20},"end":{"line":51,"column":54}},"14":{"start":{"line":53,"column":2},"end":{"line":53,"column":30}},"15":{"start":{"line":55,"column":2},"end":{"line":55,"column":65}},"16":{"start":{"line":56,"column":2},"end":{"line":61,"column":3}},"17":{"start":{"line":58,"column":4},"end":{"line":58,"column":91}},"18":{"start":{"line":58,"column":21},"end":{"line":58,"column":81}},"19":{"start":{"line":58,"column":56},"end":{"line":58,"column":81}},"20":{"start":{"line":65,"column":2},"end":{"line":65,"column":58}},"21":{"start":{"line":65,"column":7},"end":{"line":65,"column":31}},"22":{"start":{"line":65,"column":40},"end":{"line":65,"column":56}},"23":{"start":{"line":70,"column":20},"end":{"line":70,"column":37}},"24":{"start":{"line":73,"column":17},"end":{"line":73,"column":54}},"25":{"start":{"line":75,"column":2},"end":{"line":75,"column":61}},"26":{"start":{"line":82,"column":14},"end":{"line":82,"column":49}},"27":{"start":{"line":84,"column":14},"end":{"line":84,"column":32}},"28":{"start":{"line":86,"column":2},"end":{"line":86,"column":39}},"29":{"start":{"line":91,"column":2},"end":{"line":91,"column":59}},"30":{"start":{"line":95,"column":28},"end":{"line":95,"column":71}},"31":{"start":{"line":97,"column":2},"end":{"line":101,"column":3}},"32":{"start":{"line":98,"column":4},"end":{"line":98,"column":89}},"33":{"start":{"line":100,"column":4},"end":{"line":100,"column":11}},"34":{"start":{"line":102,"column":2},"end":{"line":102,"column":136}},"35":{"start":{"line":102,"column":50},"end":{"line":102,"column":125}},"36":{"start":{"line":108,"column":20},"end":{"line":108,"column":36}},"37":{"start":{"line":110,"column":2},"end":{"line":110,"column":33}},"38":{"start":{"line":112,"column":2},"end":{"line":112,"column":32}},"39":{"start":{"line":112,"column":27},"end":{"line":112,"column":30}},"40":{"start":{"line":114,"column":2},"end":{"line":114,"column":39}},"41":{"start":{"line":116,"column":2},"end":{"line":116,"column":30}},"42":{"start":{"line":118,"column":2},"end":{"line":118,"column":34}},"43":{"start":{"line":125,"column":2},"end":{"line":125,"column":19}},"44":{"start":{"line":127,"column":2},"end":{"line":127,"column":51}},"45":{"start":{"line":129,"column":2},"end":{"line":129,"column":54}},"46":{"start":{"line":131,"column":2},"end":{"line":131,"column":52}},"47":{"start":{"line":133,"column":14},"end":{"line":133,"column":61}},"48":{"start":{"line":135,"column":2},"end":{"line":135,"column":55}},"49":{"start":{"line":137,"column":2},"end":{"line":137,"column":41}},"50":{"start":{"line":139,"column":16},"end":{"line":139,"column":27}},"51":{"start":{"line":141,"column":15},"end":{"line":141,"column":16}},"52":{"start":{"line":143,"column":2},"end":{"line":148,"column":3}},"53":{"start":{"line":145,"column":4},"end":{"line":145,"column":40}},"54":{"start":{"line":147,"column":4},"end":{"line":147,"column":13}},"55":{"start":{"line":150,"column":2},"end":{"line":150,"column":26}},"56":{"start":{"line":152,"column":2},"end":{"line":152,"column":72}},"57":{"start":{"line":154,"column":2},"end":{"line":154,"column":29}},"58":{"start":{"line":158,"column":16},"end":{"line":158,"column":81}},"59":{"start":{"line":160,"column":2},"end":{"line":163,"column":3}},"60":{"start":{"line":161,"column":4},"end":{"line":161,"column":41}},"61":{"start":{"line":162,"column":4},"end":{"line":162,"column":11}},"62":{"start":{"line":164,"column":2},"end":{"line":191,"column":3}},"63":{"start":{"line":165,"column":17},"end":{"line":165,"column":34}},"64":{"start":{"line":166,"column":4},"end":{"line":166,"column":20}},"65":{"start":{"line":167,"column":4},"end":{"line":167,"column":20}},"66":{"start":{"line":169,"column":4},"end":{"line":177,"column":5}},"67":{"start":{"line":171,"column":6},"end":{"line":171,"column":17}},"68":{"start":{"line":173,"column":6},"end":{"line":173,"column":63}},"69":{"start":{"line":176,"column":6},"end":{"line":176,"column":59}},"70":{"start":{"line":179,"column":4},"end":{"line":179,"column":57}},"71":{"start":{"line":180,"column":4},"end":{"line":180,"column":66}},"72":{"start":{"line":181,"column":4},"end":{"line":181,"column":31}},"73":{"start":{"line":183,"column":4},"end":{"line":183,"column":29}},"74":{"start":{"line":185,"column":4},"end":{"line":185,"column":72}},"75":{"start":{"line":186,"column":4},"end":{"line":186,"column":77}},"76":{"start":{"line":187,"column":4},"end":{"line":187,"column":32}},"77":{"start":{"line":189,"column":4},"end":{"line":189,"column":41}},"78":{"start":{"line":190,"column":4},"end":{"line":190,"column":52}},"79":{"start":{"line":196,"column":2},"end":{"line":207,"column":3}},"80":{"start":{"line":198,"column":4},"end":{"line":198,"column":62}},"81":{"start":{"line":200,"column":4},"end":{"line":200,"column":35}},"82":{"start":{"line":201,"column":4},"end":{"line":201,"column":57}},"83":{"start":{"line":203,"column":4},"end":{"line":203,"column":20}},"84":{"start":{"line":204,"column":4},"end":{"line":204,"column":54}},"85":{"start":{"line":206,"column":4},"end":{"line":206,"column":66}},"86":{"start":{"line":211,"column":2},"end":{"line":211,"column":12}},"87":{"start":{"line":212,"column":2},"end":{"line":212,"column":20}},"88":{"start":{"line":213,"column":2},"end":{"line":213,"column":19}},"89":{"start":{"line":215,"column":2},"end":{"line":215,"column":55}},"90":{"start":{"line":216,"column":2},"end":{"line":216,"column":64}},"91":{"start":{"line":217,"column":2},"end":{"line":217,"column":29}},"92":{"start":{"line":218,"column":2},"end":{"line":218,"column":65}},"93":{"start":{"line":219,"column":2},"end":{"line":219,"column":59}},"94":{"start":{"line":220,"column":2},"end":{"line":220,"column":61}},"95":{"start":{"line":221,"column":2},"end":{"line":221,"column":51}},"96":{"start":{"line":222,"column":2},"end":{"line":222,"column":52}},"97":{"start":{"line":228,"column":0},"end":{"line":240,"column":1}},"98":{"start":{"line":229,"column":2},"end":{"line":239,"column":5}},"99":{"start":{"line":230,"column":4},"end":{"line":230,"column":82}},"100":{"start":{"line":231,"column":4},"end":{"line":231,"column":76}},"101":{"start":{"line":232,"column":4},"end":{"line":232,"column":79}},"102":{"start":{"line":233,"column":4},"end":{"line":233,"column":79}},"103":{"start":{"line":234,"column":4},"end":{"line":234,"column":118}},"104":{"start":{"line":234,"column":79},"end":{"line":234,"column":114}},"105":{"start":{"line":234,"column":101},"end":{"line":234,"column":114}},"106":{"start":{"line":237,"column":4},"end":{"line":237,"column":41}},"107":{"start":{"line":238,"column":4},"end":{"line":238,"column":16}},"108":{"start":{"line":243,"column":0},"end":{"line":255,"column":1}},"109":{"start":{"line":244,"column":2},"end":{"line":254,"column":4}}},"fnMap":{"0":{"name":"scrambleWord","decl":{"start":{"line":35,"column":9},"end":{"line":35,"column":21}},"loc":{"start":{"line":35,"column":27},"end":{"line":47,"column":1}},"line":35},"1":{"name":"showMessage","decl":{"start":{"line":49,"column":9},"end":{"line":49,"column":20}},"loc":{"start":{"line":49,"column":40},"end":{"line":62,"column":1}},"line":49},"2":{"name":"(anonymous_2)","decl":{"start":{"line":58,"column":15},"end":{"line":58,"column":16}},"loc":{"start":{"line":58,"column":19},"end":{"line":58,"column":83}},"line":58},"3":{"name":"safeParse","decl":{"start":{"line":64,"column":9},"end":{"line":64,"column":18}},"loc":{"start":{"line":64,"column":34},"end":{"line":66,"column":1}},"line":64},"4":{"name":"updateNextBonusIndicator","decl":{"start":{"line":68,"column":9},"end":{"line":68,"column":33}},"loc":{"start":{"line":68,"column":35},"end":{"line":76,"column":1}},"line":68},"5":{"name":"getLeaderboard","decl":{"start":{"line":79,"column":9},"end":{"line":79,"column":23}},"loc":{"start":{"line":79,"column":25},"end":{"line":87,"column":1}},"line":79},"6":{"name":"setLeaderboard","decl":{"start":{"line":89,"column":9},"end":{"line":89,"column":23}},"loc":{"start":{"line":89,"column":28},"end":{"line":92,"column":1}},"line":89},"7":{"name":"displayLeaderboard","decl":{"start":{"line":94,"column":9},"end":{"line":94,"column":27}},"loc":{"start":{"line":94,"column":33},"end":{"line":104,"column":1}},"line":94},"8":{"name":"(anonymous_8)","decl":{"start":{"line":102,"column":41},"end":{"line":102,"column":42}},"loc":{"start":{"line":102,"column":50},"end":{"line":102,"column":125}},"line":102},"9":{"name":"updateLeaderboard","decl":{"start":{"line":106,"column":9},"end":{"line":106,"column":26}},"loc":{"start":{"line":106,"column":40},"end":{"line":119,"column":1}},"line":106},"10":{"name":"(anonymous_10)","decl":{"start":{"line":112,"column":19},"end":{"line":112,"column":20}},"loc":{"start":{"line":112,"column":27},"end":{"line":112,"column":30}},"line":112},"11":{"name":"newPuzzle","decl":{"start":{"line":123,"column":9},"end":{"line":123,"column":18}},"loc":{"start":{"line":123,"column":20},"end":{"line":155,"column":1}},"line":123},"12":{"name":"checkGuess","decl":{"start":{"line":157,"column":9},"end":{"line":157,"column":19}},"loc":{"start":{"line":157,"column":21},"end":{"line":192,"column":1}},"line":157},"13":{"name":"showHint","decl":{"start":{"line":194,"column":9},"end":{"line":194,"column":17}},"loc":{"start":{"line":194,"column":19},"end":{"line":208,"column":1}},"line":194},"14":{"name":"resetGame","decl":{"start":{"line":210,"column":9},"end":{"line":210,"column":18}},"loc":{"start":{"line":210,"column":20},"end":{"line":223,"column":1}},"line":210},"15":{"name":"(anonymous_15)","decl":{"start":{"line":229,"column":48},"end":{"line":229,"column":49}},"loc":{"start":{"line":229,"column":52},"end":{"line":239,"column":3}},"line":229},"16":{"name":"(anonymous_16)","decl":{"start":{"line":234,"column":72},"end":{"line":234,"column":73}},"loc":{"start":{"line":234,"column":77},"end":{"line":234,"column":116}},"line":234}},"branchMap":{"0":{"loc":{"start":{"line":49,"column":26},"end":{"line":49,"column":39}},"type":"default-arg","locations":[{"start":{"line":49,"column":31},"end":{"line":49,"column":39}}],"line":49},"1":{"loc":{"start":{"line":55,"column":24},"end":{"line":55,"column":64}},"type":"cond-expr","locations":[{"start":{"line":55,"column":44},"end":{"line":55,"column":52}},{"start":{"line":55,"column":55},"end":{"line":55,"column":64}}],"line":55},"2":{"loc":{"start":{"line":56,"column":2},"end":{"line":61,"column":3}},"type":"if","locations":[{"start":{"line":56,"column":2},"end":{"line":61,"column":3}},{"start":{},"end":{}}],"line":56},"3":{"loc":{"start":{"line":58,"column":21},"end":{"line":58,"column":81}},"type":"if","locations":[{"start":{"line":58,"column":21},"end":{"line":58,"column":81}},{"start":{},"end":{}}],"line":58},"4":{"loc":{"start":{"line":73,"column":17},"end":{"line":73,"column":54}},"type":"cond-expr","locations":[{"start":{"line":73,"column":35},"end":{"line":73,"column":36}},{"start":{"line":73,"column":40},"end":{"line":73,"column":53}}],"line":73},"5":{"loc":{"start":{"line":86,"column":9},"end":{"line":86,"column":38}},"type":"cond-expr","locations":[{"start":{"line":86,"column":30},"end":{"line":86,"column":33}},{"start":{"line":86,"column":36},"end":{"line":86,"column":38}}],"line":86},"6":{"loc":{"start":{"line":97,"column":2},"end":{"line":101,"column":3}},"type":"if","locations":[{"start":{"line":97,"column":2},"end":{"line":101,"column":3}},{"start":{},"end":{}}],"line":97},"7":{"loc":{"start":{"line":97,"column":5},"end":{"line":97,"column":31}},"type":"binary-expr","locations":[{"start":{"line":97,"column":5},"end":{"line":97,"column":10}},{"start":{"line":97,"column":14},"end":{"line":97,"column":31}}],"line":97},"8":{"loc":{"start":{"line":102,"column":78},"end":{"line":102,"column":118}},"type":"cond-expr","locations":[{"start":{"line":102,"column":84},"end":{"line":102,"column":89}},{"start":{"line":102,"column":91},"end":{"line":102,"column":118}}],"line":102},"9":{"loc":{"start":{"line":102,"column":91},"end":{"line":102,"column":118}},"type":"cond-expr","locations":[{"start":{"line":102,"column":97},"end":{"line":102,"column":102}},{"start":{"line":102,"column":104},"end":{"line":102,"column":118}}],"line":102},"10":{"loc":{"start":{"line":102,"column":104},"end":{"line":102,"column":118}},"type":"cond-expr","locations":[{"start":{"line":102,"column":110},"end":{"line":102,"column":115}},{"start":{"line":102,"column":116},"end":{"line":102,"column":118}}],"line":102},"11":{"loc":{"start":{"line":143,"column":8},"end":{"line":143,"column":46}},"type":"binary-expr","locations":[{"start":{"line":143,"column":8},"end":{"line":143,"column":31}},{"start":{"line":143,"column":35},"end":{"line":143,"column":46}}],"line":143},"12":{"loc":{"start":{"line":160,"column":2},"end":{"line":163,"column":3}},"type":"if","locations":[{"start":{"line":160,"column":2},"end":{"line":163,"column":3}},{"start":{},"end":{}}],"line":160},"13":{"loc":{"start":{"line":164,"column":2},"end":{"line":191,"column":3}},"type":"if","locations":[{"start":{"line":164,"column":2},"end":{"line":191,"column":3}},{"start":{"line":188,"column":7},"end":{"line":191,"column":3}}],"line":164},"14":{"loc":{"start":{"line":165,"column":17},"end":{"line":165,"column":34}},"type":"cond-expr","locations":[{"start":{"line":165,"column":28},"end":{"line":165,"column":29}},{"start":{"line":165,"column":32},"end":{"line":165,"column":34}}],"line":165},"15":{"loc":{"start":{"line":169,"column":4},"end":{"line":177,"column":5}},"type":"if","locations":[{"start":{"line":169,"column":4},"end":{"line":177,"column":5}},{"start":{"line":174,"column":11},"end":{"line":177,"column":5}}],"line":169},"16":{"loc":{"start":{"line":196,"column":2},"end":{"line":207,"column":3}},"type":"if","locations":[{"start":{"line":196,"column":2},"end":{"line":207,"column":3}},{"start":{"line":205,"column":7},"end":{"line":207,"column":3}}],"line":196},"17":{"loc":{"start":{"line":228,"column":0},"end":{"line":240,"column":1}},"type":"if","locations":[{"start":{"line":228,"column":0},"end":{"line":240,"column":1}},{"start":{},"end":{}}],"line":228},"18":{"loc":{"start":{"line":234,"column":79},"end":{"line":234,"column":114}},"type":"if","locations":[{"start":{"line":234,"column":79},"end":{"line":234,"column":114}},{"start":{},"end":{}}],"line":234},"19":{"loc":{"start":{"line":243,"column":0},"end":{"line":255,"column":1}},"type":"if","locations":[{"start":{"line":243,"column":0},"end":{"line":255,"column":1}},{"start":{},"end":{}}],"line":243}},"s":{"0":1,"1":1,"2":1,"3":1,"4":1,"5":1,"6":1,"7":2,"8":2,"9":2,"10":13,"11":13,"12":2,"13":2,"14":2,"15":2,"16":2,"17":1,"18":0,"19":0,"20":6,"21":6,"22":1,"23":2,"24":2,"25":2,"26":5,"27":5,"28":5,"29":5,"30":4,"31":4,"32":0,"33":0,"34":4,"35":9,"36":4,"37":4,"38":4,"39":8,"40":4,"41":4,"42":4,"43":1,"44":1,"45":1,"46":1,"47":1,"48":1,"49":1,"50":1,"51":1,"52":1,"53":1,"54":1,"55":1,"56":1,"57":1,"58":1,"59":1,"60":1,"61":1,"62":0,"63":0,"64":0,"65":0,"66":0,"67":0,"68":0,"69":0,"70":0,"71":0,"72":0,"73":0,"74":0,"75":0,"76":0,"77":0,"78":0,"79":1,"80":1,"81":1,"82":1,"83":1,"84":1,"85":0,"86":1,"87":1,"88":1,"89":1,"90":1,"91":1,"92":1,"93":1,"94":1,"95":1,"96":1,"97":1,"98":1,"99":0,"100":0,"101":0,"102":0,"103":0,"104":0,"105":0,"106":0,"107":0,"108":1,"109":1},"f":{"0":2,"1":2,"2":0,"3":6,"4":2,"5":5,"6":5,"7":4,"8":9,"9":4,"10":8,"11":1,"12":1,"13":1,"14":1,"15":0,"16":0},"b":{"0":[1],"1":[1,1],"2":[1,1],"3":[0,0],"4":[2,0],"5":[5,0],"6":[0,4],"7":[4,4],"8":[4,5],"9":[3,2],"10":[2,0],"11":[2,1],"12":[1,0],"13":[0,0],"14":[0,0],"15":[0,0],"16":[1,0],"17":[1,0],"18":[0,0],"19":[1,0]},"_coverageSchema":"1a1c01bbd47fc00a2c39e90264f33305004495a9","hash":"1722db507e0f9c30dbbe4b0cf6f13c3c647dd84b"}
}
