TN:
SF:game.js
FN:35,scrambleWord
FN:49,showMessage
FN:58,(anonymous_2)
FN:64,safeParse
FN:68,updateNextBonusIndicator
FN:79,getLeaderboard
FN:89,setLeaderboard
FN:94,displayLeaderboard
FN:102,(anonymous_8)
FN:106,updateLeaderboard
FN:112,(anonymous_10)
FN:123,newPuzzle
FN:157,checkGuess
FN:194,showHint
FN:210,resetGame
FN:229,(anonymous_15)
FN:234,(anonymous_16)
FNF:17
FNH:14
FNDA:2,scrambleWord
FNDA:2,showMessage
FNDA:0,(anonymous_2)
FNDA:6,safeParse
FNDA:2,updateNextBonusIndicator
FNDA:5,getLeaderboard
FNDA:5,setLeaderboard
FNDA:4,displayLeaderboard
FNDA:9,(anonymous_8)
FNDA:4,updateLeaderboard
FNDA:8,(anonymous_10)
FNDA:1,newPuzzle
FNDA:1,checkGuess
FNDA:1,showHint
FNDA:1,resetGame
FNDA:0,(anonymous_15)
FNDA:0,(anonymous_16)
DA:4,1
DA:21,1
DA:23,1
DA:25,1
DA:27,1
DA:29,1
DA:31,1
DA:37,2
DA:39,2
DA:41,13
DA:43,13
DA:46,2
DA:51,2
DA:53,2
DA:55,2
DA:56,2
DA:58,1
DA:65,6
DA:70,2
DA:73,2
DA:75,2
DA:82,5
DA:84,5
DA:86,5
DA:91,5
DA:95,4
DA:97,4
DA:98,0
DA:100,0
DA:102,9
DA:108,4
DA:110,4
DA:112,8
DA:114,4
DA:116,4
DA:118,4
DA:125,1
DA:127,1
DA:129,1
DA:131,1
DA:133,1
DA:135,1
DA:137,1
DA:139,1
DA:141,1
DA:143,1
DA:145,1
DA:147,1
DA:150,1
DA:152,1
DA:154,1
DA:158,1
DA:160,1
DA:161,1
DA:162,1
DA:164,0
DA:165,0
DA:166,0
DA:167,0
DA:169,0
DA:171,0
DA:173,0
DA:176,0
DA:179,0
DA:180,0
DA:181,0
DA:183,0
DA:185,0
DA:186,0
DA:187,0
DA:189,0
DA:190,0
DA:196,1
DA:198,1
DA:200,1
DA:201,1
DA:203,1
DA:204,1
DA:206,0
DA:211,1
DA:212,1
DA:213,1
DA:215,1
DA:216,1
DA:217,1
DA:218,1
DA:219,1
DA:220,1
DA:221,1
DA:222,1
DA:228,1
DA:229,1
DA:230,0
DA:231,0
DA:232,0
DA:233,0
DA:234,0
DA:237,0
DA:238,0
DA:243,1
DA:244,1
LF:101
LH:74
BRDA:49,0,0,1
BRDA:55,1,0,1
BRDA:55,1,1,1
BRDA:56,2,0,1
BRDA:56,2,1,1
BRDA:58,3,0,0
BRDA:58,3,1,0
BRDA:73,4,0,2
BRDA:73,4,1,0
BRDA:86,5,0,5
BRDA:86,5,1,0
BRDA:97,6,0,0
BRDA:97,6,1,4
BRDA:97,7,0,4
BRDA:97,7,1,4
BRDA:102,8,0,4
BRDA:102,8,1,5
BRDA:102,9,0,3
BRDA:102,9,1,2
BRDA:102,10,0,2
BRDA:102,10,1,0
BRDA:143,11,0,2
BRDA:143,11,1,1
BRDA:160,12,0,1
BRDA:160,12,1,0
BRDA:164,13,0,0
BRDA:164,13,1,0
BRDA:165,14,0,0
BRDA:165,14,1,0
BRDA:169,15,0,0
BRDA:169,15,1,0
BRDA:196,16,0,1
BRDA:196,16,1,0
BRDA:228,17,0,1
BRDA:228,17,1,0
BRDA:234,18,0,0
BRDA:234,18,1,0
BRDA:243,19,0,1
BRDA:243,19,1,0
BRF:39
BRH:21
end_of_record
